Determining if the function _chmod exists failed with the following output:
Change Dir: /home/ho/workspace/gym-retro/CMakeFiles/CMakeTmp

Run Build Command:"/usr/bin/make" "cmTC_0f9f2/fast"
/usr/bin/make -f CMakeFiles/cmTC_0f9f2.dir/build.make CMakeFiles/cmTC_0f9f2.dir/build
make[1]: Entering directory '/home/ho/workspace/gym-retro/CMakeFiles/CMakeTmp'
Building C object CMakeFiles/cmTC_0f9f2.dir/CheckFunctionExists.c.o
/usr/bin/cc    -DCHECK_FUNCTION_EXISTS=_chmod -fPIE   -o CMakeFiles/cmTC_0f9f2.dir/CheckFunctionExists.c.o   -c /usr/share/cmake-3.5/Modules/CheckFunctionExists.c
Linking C executable cmTC_0f9f2
/usr/bin/cmake -E cmake_link_script CMakeFiles/cmTC_0f9f2.dir/link.txt --verbose=1
/usr/bin/cc   -DCHECK_FUNCTION_EXISTS=_chmod    CMakeFiles/cmTC_0f9f2.dir/CheckFunctionExists.c.o  -o cmTC_0f9f2 -rdynamic 
CMakeFiles/cmTC_0f9f2.dir/CheckFunctionExists.c.o: In function `main':
CheckFunctionExists.c:(.text+0x15): undefined reference to `_chmod'
collect2: error: ld returned 1 exit status
CMakeFiles/cmTC_0f9f2.dir/build.make:97: recipe for target 'cmTC_0f9f2' failed
make[1]: *** [cmTC_0f9f2] Error 1
make[1]: Leaving directory '/home/ho/workspace/gym-retro/CMakeFiles/CMakeTmp'
Makefile:126: recipe for target 'cmTC_0f9f2/fast' failed
make: *** [cmTC_0f9f2/fast] Error 2


Determining if the function _close exists failed with the following output:
Change Dir: /home/ho/workspace/gym-retro/CMakeFiles/CMakeTmp

Run Build Command:"/usr/bin/make" "cmTC_b2d3b/fast"
/usr/bin/make -f CMakeFiles/cmTC_b2d3b.dir/build.make CMakeFiles/cmTC_b2d3b.dir/build
make[1]: Entering directory '/home/ho/workspace/gym-retro/CMakeFiles/CMakeTmp'
Building C object CMakeFiles/cmTC_b2d3b.dir/CheckFunctionExists.c.o
/usr/bin/cc    -DCHECK_FUNCTION_EXISTS=_close -fPIE   -o CMakeFiles/cmTC_b2d3b.dir/CheckFunctionExists.c.o   -c /usr/share/cmake-3.5/Modules/CheckFunctionExists.c
Linking C executable cmTC_b2d3b
/usr/bin/cmake -E cmake_link_script CMakeFiles/cmTC_b2d3b.dir/link.txt --verbose=1
/usr/bin/cc   -DCHECK_FUNCTION_EXISTS=_close    CMakeFiles/cmTC_b2d3b.dir/CheckFunctionExists.c.o  -o cmTC_b2d3b -rdynamic 
CMakeFiles/cmTC_b2d3b.dir/CheckFunctionExists.c.o: In function `main':
CheckFunctionExists.c:(.text+0x15): undefined reference to `_close'
collect2: error: ld returned 1 exit status
CMakeFiles/cmTC_b2d3b.dir/build.make:97: recipe for target 'cmTC_b2d3b' failed
make[1]: *** [cmTC_b2d3b] Error 1
make[1]: Leaving directory '/home/ho/workspace/gym-retro/CMakeFiles/CMakeTmp'
Makefile:126: recipe for target 'cmTC_b2d3b/fast' failed
make: *** [cmTC_b2d3b/fast] Error 2


Determining if the function _dup exists failed with the following output:
Change Dir: /home/ho/workspace/gym-retro/CMakeFiles/CMakeTmp

Run Build Command:"/usr/bin/make" "cmTC_bcc00/fast"
/usr/bin/make -f CMakeFiles/cmTC_bcc00.dir/build.make CMakeFiles/cmTC_bcc00.dir/build
make[1]: Entering directory '/home/ho/workspace/gym-retro/CMakeFiles/CMakeTmp'
Building C object CMakeFiles/cmTC_bcc00.dir/CheckFunctionExists.c.o
/usr/bin/cc    -DCHECK_FUNCTION_EXISTS=_dup -fPIE   -o CMakeFiles/cmTC_bcc00.dir/CheckFunctionExists.c.o   -c /usr/share/cmake-3.5/Modules/CheckFunctionExists.c
Linking C executable cmTC_bcc00
/usr/bin/cmake -E cmake_link_script CMakeFiles/cmTC_bcc00.dir/link.txt --verbose=1
/usr/bin/cc   -DCHECK_FUNCTION_EXISTS=_dup    CMakeFiles/cmTC_bcc00.dir/CheckFunctionExists.c.o  -o cmTC_bcc00 -rdynamic 
CMakeFiles/cmTC_bcc00.dir/CheckFunctionExists.c.o: In function `main':
CheckFunctionExists.c:(.text+0x15): undefined reference to `_dup'
collect2: error: ld returned 1 exit status
CMakeFiles/cmTC_bcc00.dir/build.make:97: recipe for target 'cmTC_bcc00' failed
make[1]: *** [cmTC_bcc00] Error 1
make[1]: Leaving directory '/home/ho/workspace/gym-retro/CMakeFiles/CMakeTmp'
Makefile:126: recipe for target 'cmTC_bcc00/fast' failed
make: *** [cmTC_bcc00/fast] Error 2


Determining if the function _fdopen exists failed with the following output:
Change Dir: /home/ho/workspace/gym-retro/CMakeFiles/CMakeTmp

Run Build Command:"/usr/bin/make" "cmTC_86481/fast"
/usr/bin/make -f CMakeFiles/cmTC_86481.dir/build.make CMakeFiles/cmTC_86481.dir/build
make[1]: Entering directory '/home/ho/workspace/gym-retro/CMakeFiles/CMakeTmp'
Building C object CMakeFiles/cmTC_86481.dir/CheckFunctionExists.c.o
/usr/bin/cc    -DCHECK_FUNCTION_EXISTS=_fdopen -fPIE   -o CMakeFiles/cmTC_86481.dir/CheckFunctionExists.c.o   -c /usr/share/cmake-3.5/Modules/CheckFunctionExists.c
Linking C executable cmTC_86481
/usr/bin/cmake -E cmake_link_script CMakeFiles/cmTC_86481.dir/link.txt --verbose=1
/usr/bin/cc   -DCHECK_FUNCTION_EXISTS=_fdopen    CMakeFiles/cmTC_86481.dir/CheckFunctionExists.c.o  -o cmTC_86481 -rdynamic 
CMakeFiles/cmTC_86481.dir/CheckFunctionExists.c.o: In function `main':
CheckFunctionExists.c:(.text+0x15): undefined reference to `_fdopen'
collect2: error: ld returned 1 exit status
CMakeFiles/cmTC_86481.dir/build.make:97: recipe for target 'cmTC_86481' failed
make[1]: *** [cmTC_86481] Error 1
make[1]: Leaving directory '/home/ho/workspace/gym-retro/CMakeFiles/CMakeTmp'
Makefile:126: recipe for target 'cmTC_86481/fast' failed
make: *** [cmTC_86481/fast] Error 2


Determining if the function _fileno exists failed with the following output:
Change Dir: /home/ho/workspace/gym-retro/CMakeFiles/CMakeTmp

Run Build Command:"/usr/bin/make" "cmTC_3ab0e/fast"
/usr/bin/make -f CMakeFiles/cmTC_3ab0e.dir/build.make CMakeFiles/cmTC_3ab0e.dir/build
make[1]: Entering directory '/home/ho/workspace/gym-retro/CMakeFiles/CMakeTmp'
Building C object CMakeFiles/cmTC_3ab0e.dir/CheckFunctionExists.c.o
/usr/bin/cc    -DCHECK_FUNCTION_EXISTS=_fileno -fPIE   -o CMakeFiles/cmTC_3ab0e.dir/CheckFunctionExists.c.o   -c /usr/share/cmake-3.5/Modules/CheckFunctionExists.c
Linking C executable cmTC_3ab0e
/usr/bin/cmake -E cmake_link_script CMakeFiles/cmTC_3ab0e.dir/link.txt --verbose=1
/usr/bin/cc   -DCHECK_FUNCTION_EXISTS=_fileno    CMakeFiles/cmTC_3ab0e.dir/CheckFunctionExists.c.o  -o cmTC_3ab0e -rdynamic 
CMakeFiles/cmTC_3ab0e.dir/CheckFunctionExists.c.o: In function `main':
CheckFunctionExists.c:(.text+0x15): undefined reference to `_fileno'
collect2: error: ld returned 1 exit status
CMakeFiles/cmTC_3ab0e.dir/build.make:97: recipe for target 'cmTC_3ab0e' failed
make[1]: *** [cmTC_3ab0e] Error 1
make[1]: Leaving directory '/home/ho/workspace/gym-retro/CMakeFiles/CMakeTmp'
Makefile:126: recipe for target 'cmTC_3ab0e/fast' failed
make: *** [cmTC_3ab0e/fast] Error 2


Determining if the function _open exists failed with the following output:
Change Dir: /home/ho/workspace/gym-retro/CMakeFiles/CMakeTmp

Run Build Command:"/usr/bin/make" "cmTC_0d444/fast"
/usr/bin/make -f CMakeFiles/cmTC_0d444.dir/build.make CMakeFiles/cmTC_0d444.dir/build
make[1]: Entering directory '/home/ho/workspace/gym-retro/CMakeFiles/CMakeTmp'
Building C object CMakeFiles/cmTC_0d444.dir/CheckFunctionExists.c.o
/usr/bin/cc    -DCHECK_FUNCTION_EXISTS=_open -fPIE   -o CMakeFiles/cmTC_0d444.dir/CheckFunctionExists.c.o   -c /usr/share/cmake-3.5/Modules/CheckFunctionExists.c
Linking C executable cmTC_0d444
/usr/bin/cmake -E cmake_link_script CMakeFiles/cmTC_0d444.dir/link.txt --verbose=1
/usr/bin/cc   -DCHECK_FUNCTION_EXISTS=_open    CMakeFiles/cmTC_0d444.dir/CheckFunctionExists.c.o  -o cmTC_0d444 -rdynamic 
CMakeFiles/cmTC_0d444.dir/CheckFunctionExists.c.o: In function `main':
CheckFunctionExists.c:(.text+0x15): undefined reference to `_open'
collect2: error: ld returned 1 exit status
CMakeFiles/cmTC_0d444.dir/build.make:97: recipe for target 'cmTC_0d444' failed
make[1]: *** [cmTC_0d444] Error 1
make[1]: Leaving directory '/home/ho/workspace/gym-retro/CMakeFiles/CMakeTmp'
Makefile:126: recipe for target 'cmTC_0d444/fast' failed
make: *** [cmTC_0d444/fast] Error 2


Determining if the function _setmode exists failed with the following output:
Change Dir: /home/ho/workspace/gym-retro/CMakeFiles/CMakeTmp

Run Build Command:"/usr/bin/make" "cmTC_3b0ff/fast"
/usr/bin/make -f CMakeFiles/cmTC_3b0ff.dir/build.make CMakeFiles/cmTC_3b0ff.dir/build
make[1]: Entering directory '/home/ho/workspace/gym-retro/CMakeFiles/CMakeTmp'
Building C object CMakeFiles/cmTC_3b0ff.dir/CheckFunctionExists.c.o
/usr/bin/cc    -DCHECK_FUNCTION_EXISTS=_setmode -fPIE   -o CMakeFiles/cmTC_3b0ff.dir/CheckFunctionExists.c.o   -c /usr/share/cmake-3.5/Modules/CheckFunctionExists.c
Linking C executable cmTC_3b0ff
/usr/bin/cmake -E cmake_link_script CMakeFiles/cmTC_3b0ff.dir/link.txt --verbose=1
/usr/bin/cc   -DCHECK_FUNCTION_EXISTS=_setmode    CMakeFiles/cmTC_3b0ff.dir/CheckFunctionExists.c.o  -o cmTC_3b0ff -rdynamic 
CMakeFiles/cmTC_3b0ff.dir/CheckFunctionExists.c.o: In function `main':
CheckFunctionExists.c:(.text+0x15): undefined reference to `_setmode'
collect2: error: ld returned 1 exit status
CMakeFiles/cmTC_3b0ff.dir/build.make:97: recipe for target 'cmTC_3b0ff' failed
make[1]: *** [cmTC_3b0ff] Error 1
make[1]: Leaving directory '/home/ho/workspace/gym-retro/CMakeFiles/CMakeTmp'
Makefile:126: recipe for target 'cmTC_3b0ff/fast' failed
make: *** [cmTC_3b0ff/fast] Error 2


Determining if the function _snprintf exists failed with the following output:
Change Dir: /home/ho/workspace/gym-retro/CMakeFiles/CMakeTmp

Run Build Command:"/usr/bin/make" "cmTC_c7033/fast"
/usr/bin/make -f CMakeFiles/cmTC_c7033.dir/build.make CMakeFiles/cmTC_c7033.dir/build
make[1]: Entering directory '/home/ho/workspace/gym-retro/CMakeFiles/CMakeTmp'
Building C object CMakeFiles/cmTC_c7033.dir/CheckFunctionExists.c.o
/usr/bin/cc    -DCHECK_FUNCTION_EXISTS=_snprintf -fPIE   -o CMakeFiles/cmTC_c7033.dir/CheckFunctionExists.c.o   -c /usr/share/cmake-3.5/Modules/CheckFunctionExists.c
Linking C executable cmTC_c7033
/usr/bin/cmake -E cmake_link_script CMakeFiles/cmTC_c7033.dir/link.txt --verbose=1
/usr/bin/cc   -DCHECK_FUNCTION_EXISTS=_snprintf    CMakeFiles/cmTC_c7033.dir/CheckFunctionExists.c.o  -o cmTC_c7033 -rdynamic 
CMakeFiles/cmTC_c7033.dir/CheckFunctionExists.c.o: In function `main':
CheckFunctionExists.c:(.text+0x15): undefined reference to `_snprintf'
collect2: error: ld returned 1 exit status
CMakeFiles/cmTC_c7033.dir/build.make:97: recipe for target 'cmTC_c7033' failed
make[1]: *** [cmTC_c7033] Error 1
make[1]: Leaving directory '/home/ho/workspace/gym-retro/CMakeFiles/CMakeTmp'
Makefile:126: recipe for target 'cmTC_c7033/fast' failed
make: *** [cmTC_c7033/fast] Error 2


Determining if the function _strdup exists failed with the following output:
Change Dir: /home/ho/workspace/gym-retro/CMakeFiles/CMakeTmp

Run Build Command:"/usr/bin/make" "cmTC_01185/fast"
/usr/bin/make -f CMakeFiles/cmTC_01185.dir/build.make CMakeFiles/cmTC_01185.dir/build
make[1]: Entering directory '/home/ho/workspace/gym-retro/CMakeFiles/CMakeTmp'
Building C object CMakeFiles/cmTC_01185.dir/CheckFunctionExists.c.o
/usr/bin/cc    -DCHECK_FUNCTION_EXISTS=_strdup -fPIE   -o CMakeFiles/cmTC_01185.dir/CheckFunctionExists.c.o   -c /usr/share/cmake-3.5/Modules/CheckFunctionExists.c
Linking C executable cmTC_01185
/usr/bin/cmake -E cmake_link_script CMakeFiles/cmTC_01185.dir/link.txt --verbose=1
/usr/bin/cc   -DCHECK_FUNCTION_EXISTS=_strdup    CMakeFiles/cmTC_01185.dir/CheckFunctionExists.c.o  -o cmTC_01185 -rdynamic 
CMakeFiles/cmTC_01185.dir/CheckFunctionExists.c.o: In function `main':
CheckFunctionExists.c:(.text+0x15): undefined reference to `_strdup'
collect2: error: ld returned 1 exit status
CMakeFiles/cmTC_01185.dir/build.make:97: recipe for target 'cmTC_01185' failed
make[1]: *** [cmTC_01185] Error 1
make[1]: Leaving directory '/home/ho/workspace/gym-retro/CMakeFiles/CMakeTmp'
Makefile:126: recipe for target 'cmTC_01185/fast' failed
make: *** [cmTC_01185/fast] Error 2


Determining if the function _stricmp exists failed with the following output:
Change Dir: /home/ho/workspace/gym-retro/CMakeFiles/CMakeTmp

Run Build Command:"/usr/bin/make" "cmTC_bda73/fast"
/usr/bin/make -f CMakeFiles/cmTC_bda73.dir/build.make CMakeFiles/cmTC_bda73.dir/build
make[1]: Entering directory '/home/ho/workspace/gym-retro/CMakeFiles/CMakeTmp'
Building C object CMakeFiles/cmTC_bda73.dir/CheckFunctionExists.c.o
/usr/bin/cc    -DCHECK_FUNCTION_EXISTS=_stricmp -fPIE   -o CMakeFiles/cmTC_bda73.dir/CheckFunctionExists.c.o   -c /usr/share/cmake-3.5/Modules/CheckFunctionExists.c
Linking C executable cmTC_bda73
/usr/bin/cmake -E cmake_link_script CMakeFiles/cmTC_bda73.dir/link.txt --verbose=1
/usr/bin/cc   -DCHECK_FUNCTION_EXISTS=_stricmp    CMakeFiles/cmTC_bda73.dir/CheckFunctionExists.c.o  -o cmTC_bda73 -rdynamic 
CMakeFiles/cmTC_bda73.dir/CheckFunctionExists.c.o: In function `main':
CheckFunctionExists.c:(.text+0x15): undefined reference to `_stricmp'
collect2: error: ld returned 1 exit status
CMakeFiles/cmTC_bda73.dir/build.make:97: recipe for target 'cmTC_bda73' failed
make[1]: *** [cmTC_bda73] Error 1
make[1]: Leaving directory '/home/ho/workspace/gym-retro/CMakeFiles/CMakeTmp'
Makefile:126: recipe for target 'cmTC_bda73/fast' failed
make: *** [cmTC_bda73/fast] Error 2


Determining if the function _strtoi64 exists failed with the following output:
Change Dir: /home/ho/workspace/gym-retro/CMakeFiles/CMakeTmp

Run Build Command:"/usr/bin/make" "cmTC_ff1a2/fast"
/usr/bin/make -f CMakeFiles/cmTC_ff1a2.dir/build.make CMakeFiles/cmTC_ff1a2.dir/build
make[1]: Entering directory '/home/ho/workspace/gym-retro/CMakeFiles/CMakeTmp'
Building C object CMakeFiles/cmTC_ff1a2.dir/CheckFunctionExists.c.o
/usr/bin/cc    -DCHECK_FUNCTION_EXISTS=_strtoi64 -fPIE   -o CMakeFiles/cmTC_ff1a2.dir/CheckFunctionExists.c.o   -c /usr/share/cmake-3.5/Modules/CheckFunctionExists.c
Linking C executable cmTC_ff1a2
/usr/bin/cmake -E cmake_link_script CMakeFiles/cmTC_ff1a2.dir/link.txt --verbose=1
/usr/bin/cc   -DCHECK_FUNCTION_EXISTS=_strtoi64    CMakeFiles/cmTC_ff1a2.dir/CheckFunctionExists.c.o  -o cmTC_ff1a2 -rdynamic 
CMakeFiles/cmTC_ff1a2.dir/CheckFunctionExists.c.o: In function `main':
CheckFunctionExists.c:(.text+0x15): undefined reference to `_strtoi64'
collect2: error: ld returned 1 exit status
CMakeFiles/cmTC_ff1a2.dir/build.make:97: recipe for target 'cmTC_ff1a2' failed
make[1]: *** [cmTC_ff1a2] Error 1
make[1]: Leaving directory '/home/ho/workspace/gym-retro/CMakeFiles/CMakeTmp'
Makefile:126: recipe for target 'cmTC_ff1a2/fast' failed
make: *** [cmTC_ff1a2/fast] Error 2


Determining if the function _strtoui64 exists failed with the following output:
Change Dir: /home/ho/workspace/gym-retro/CMakeFiles/CMakeTmp

Run Build Command:"/usr/bin/make" "cmTC_82441/fast"
/usr/bin/make -f CMakeFiles/cmTC_82441.dir/build.make CMakeFiles/cmTC_82441.dir/build
make[1]: Entering directory '/home/ho/workspace/gym-retro/CMakeFiles/CMakeTmp'
Building C object CMakeFiles/cmTC_82441.dir/CheckFunctionExists.c.o
/usr/bin/cc    -DCHECK_FUNCTION_EXISTS=_strtoui64 -fPIE   -o CMakeFiles/cmTC_82441.dir/CheckFunctionExists.c.o   -c /usr/share/cmake-3.5/Modules/CheckFunctionExists.c
Linking C executable cmTC_82441
/usr/bin/cmake -E cmake_link_script CMakeFiles/cmTC_82441.dir/link.txt --verbose=1
/usr/bin/cc   -DCHECK_FUNCTION_EXISTS=_strtoui64    CMakeFiles/cmTC_82441.dir/CheckFunctionExists.c.o  -o cmTC_82441 -rdynamic 
CMakeFiles/cmTC_82441.dir/CheckFunctionExists.c.o: In function `main':
CheckFunctionExists.c:(.text+0x15): undefined reference to `_strtoui64'
collect2: error: ld returned 1 exit status
CMakeFiles/cmTC_82441.dir/build.make:97: recipe for target 'cmTC_82441' failed
make[1]: *** [cmTC_82441] Error 1
make[1]: Leaving directory '/home/ho/workspace/gym-retro/CMakeFiles/CMakeTmp'
Makefile:126: recipe for target 'cmTC_82441/fast' failed
make: *** [cmTC_82441/fast] Error 2


Determining if the function _umask exists failed with the following output:
Change Dir: /home/ho/workspace/gym-retro/CMakeFiles/CMakeTmp

Run Build Command:"/usr/bin/make" "cmTC_463f5/fast"
/usr/bin/make -f CMakeFiles/cmTC_463f5.dir/build.make CMakeFiles/cmTC_463f5.dir/build
make[1]: Entering directory '/home/ho/workspace/gym-retro/CMakeFiles/CMakeTmp'
Building C object CMakeFiles/cmTC_463f5.dir/CheckFunctionExists.c.o
/usr/bin/cc    -DCHECK_FUNCTION_EXISTS=_umask -fPIE   -o CMakeFiles/cmTC_463f5.dir/CheckFunctionExists.c.o   -c /usr/share/cmake-3.5/Modules/CheckFunctionExists.c
Linking C executable cmTC_463f5
/usr/bin/cmake -E cmake_link_script CMakeFiles/cmTC_463f5.dir/link.txt --verbose=1
/usr/bin/cc   -DCHECK_FUNCTION_EXISTS=_umask    CMakeFiles/cmTC_463f5.dir/CheckFunctionExists.c.o  -o cmTC_463f5 -rdynamic 
CMakeFiles/cmTC_463f5.dir/CheckFunctionExists.c.o: In function `main':
CheckFunctionExists.c:(.text+0x15): undefined reference to `_umask'
collect2: error: ld returned 1 exit status
CMakeFiles/cmTC_463f5.dir/build.make:97: recipe for target 'cmTC_463f5' failed
make[1]: *** [cmTC_463f5] Error 1
make[1]: Leaving directory '/home/ho/workspace/gym-retro/CMakeFiles/CMakeTmp'
Makefile:126: recipe for target 'cmTC_463f5/fast' failed
make: *** [cmTC_463f5/fast] Error 2


Determining if the function _unlink exists failed with the following output:
Change Dir: /home/ho/workspace/gym-retro/CMakeFiles/CMakeTmp

Run Build Command:"/usr/bin/make" "cmTC_2a1b1/fast"
/usr/bin/make -f CMakeFiles/cmTC_2a1b1.dir/build.make CMakeFiles/cmTC_2a1b1.dir/build
make[1]: Entering directory '/home/ho/workspace/gym-retro/CMakeFiles/CMakeTmp'
Building C object CMakeFiles/cmTC_2a1b1.dir/CheckFunctionExists.c.o
/usr/bin/cc    -DCHECK_FUNCTION_EXISTS=_unlink -fPIE   -o CMakeFiles/cmTC_2a1b1.dir/CheckFunctionExists.c.o   -c /usr/share/cmake-3.5/Modules/CheckFunctionExists.c
Linking C executable cmTC_2a1b1
/usr/bin/cmake -E cmake_link_script CMakeFiles/cmTC_2a1b1.dir/link.txt --verbose=1
/usr/bin/cc   -DCHECK_FUNCTION_EXISTS=_unlink    CMakeFiles/cmTC_2a1b1.dir/CheckFunctionExists.c.o  -o cmTC_2a1b1 -rdynamic 
CMakeFiles/cmTC_2a1b1.dir/CheckFunctionExists.c.o: In function `main':
CheckFunctionExists.c:(.text+0x15): undefined reference to `_unlink'
collect2: error: ld returned 1 exit status
CMakeFiles/cmTC_2a1b1.dir/build.make:97: recipe for target 'cmTC_2a1b1' failed
make[1]: *** [cmTC_2a1b1] Error 1
make[1]: Leaving directory '/home/ho/workspace/gym-retro/CMakeFiles/CMakeTmp'
Makefile:126: recipe for target 'cmTC_2a1b1/fast' failed
make: *** [cmTC_2a1b1/fast] Error 2


Determining if the function clonefile exists failed with the following output:
Change Dir: /home/ho/workspace/gym-retro/CMakeFiles/CMakeTmp

Run Build Command:"/usr/bin/make" "cmTC_2ca2f/fast"
/usr/bin/make -f CMakeFiles/cmTC_2ca2f.dir/build.make CMakeFiles/cmTC_2ca2f.dir/build
make[1]: Entering directory '/home/ho/workspace/gym-retro/CMakeFiles/CMakeTmp'
Building C object CMakeFiles/cmTC_2ca2f.dir/CheckFunctionExists.c.o
/usr/bin/cc    -DCHECK_FUNCTION_EXISTS=clonefile -fPIE   -o CMakeFiles/cmTC_2ca2f.dir/CheckFunctionExists.c.o   -c /usr/share/cmake-3.5/Modules/CheckFunctionExists.c
Linking C executable cmTC_2ca2f
/usr/bin/cmake -E cmake_link_script CMakeFiles/cmTC_2ca2f.dir/link.txt --verbose=1
/usr/bin/cc   -DCHECK_FUNCTION_EXISTS=clonefile    CMakeFiles/cmTC_2ca2f.dir/CheckFunctionExists.c.o  -o cmTC_2ca2f -rdynamic 
CMakeFiles/cmTC_2ca2f.dir/CheckFunctionExists.c.o: In function `main':
CheckFunctionExists.c:(.text+0x15): undefined reference to `clonefile'
collect2: error: ld returned 1 exit status
CMakeFiles/cmTC_2ca2f.dir/build.make:97: recipe for target 'cmTC_2ca2f' failed
make[1]: *** [cmTC_2ca2f] Error 1
make[1]: Leaving directory '/home/ho/workspace/gym-retro/CMakeFiles/CMakeTmp'
Makefile:126: recipe for target 'cmTC_2ca2f/fast' failed
make: *** [cmTC_2ca2f/fast] Error 2


Determining if the function explict_bzero exists failed with the following output:
Change Dir: /home/ho/workspace/gym-retro/CMakeFiles/CMakeTmp

Run Build Command:"/usr/bin/make" "cmTC_12e15/fast"
/usr/bin/make -f CMakeFiles/cmTC_12e15.dir/build.make CMakeFiles/cmTC_12e15.dir/build
make[1]: Entering directory '/home/ho/workspace/gym-retro/CMakeFiles/CMakeTmp'
Building C object CMakeFiles/cmTC_12e15.dir/CheckFunctionExists.c.o
/usr/bin/cc    -DCHECK_FUNCTION_EXISTS=explict_bzero -fPIE   -o CMakeFiles/cmTC_12e15.dir/CheckFunctionExists.c.o   -c /usr/share/cmake-3.5/Modules/CheckFunctionExists.c
Linking C executable cmTC_12e15
/usr/bin/cmake -E cmake_link_script CMakeFiles/cmTC_12e15.dir/link.txt --verbose=1
/usr/bin/cc   -DCHECK_FUNCTION_EXISTS=explict_bzero    CMakeFiles/cmTC_12e15.dir/CheckFunctionExists.c.o  -o cmTC_12e15 -rdynamic 
CMakeFiles/cmTC_12e15.dir/CheckFunctionExists.c.o: In function `main':
CheckFunctionExists.c:(.text+0x15): undefined reference to `explict_bzero'
collect2: error: ld returned 1 exit status
CMakeFiles/cmTC_12e15.dir/build.make:97: recipe for target 'cmTC_12e15' failed
make[1]: *** [cmTC_12e15] Error 1
make[1]: Leaving directory '/home/ho/workspace/gym-retro/CMakeFiles/CMakeTmp'
Makefile:126: recipe for target 'cmTC_12e15/fast' failed
make: *** [cmTC_12e15/fast] Error 2


Determining if the function explicit_memset exists failed with the following output:
Change Dir: /home/ho/workspace/gym-retro/CMakeFiles/CMakeTmp

Run Build Command:"/usr/bin/make" "cmTC_8d86c/fast"
/usr/bin/make -f CMakeFiles/cmTC_8d86c.dir/build.make CMakeFiles/cmTC_8d86c.dir/build
make[1]: Entering directory '/home/ho/workspace/gym-retro/CMakeFiles/CMakeTmp'
Building C object CMakeFiles/cmTC_8d86c.dir/CheckFunctionExists.c.o
/usr/bin/cc    -DCHECK_FUNCTION_EXISTS=explicit_memset -fPIE   -o CMakeFiles/cmTC_8d86c.dir/CheckFunctionExists.c.o   -c /usr/share/cmake-3.5/Modules/CheckFunctionExists.c
Linking C executable cmTC_8d86c
/usr/bin/cmake -E cmake_link_script CMakeFiles/cmTC_8d86c.dir/link.txt --verbose=1
/usr/bin/cc   -DCHECK_FUNCTION_EXISTS=explicit_memset    CMakeFiles/cmTC_8d86c.dir/CheckFunctionExists.c.o  -o cmTC_8d86c -rdynamic 
CMakeFiles/cmTC_8d86c.dir/CheckFunctionExists.c.o: In function `main':
CheckFunctionExists.c:(.text+0x15): undefined reference to `explicit_memset'
collect2: error: ld returned 1 exit status
CMakeFiles/cmTC_8d86c.dir/build.make:97: recipe for target 'cmTC_8d86c' failed
make[1]: *** [cmTC_8d86c] Error 1
make[1]: Leaving directory '/home/ho/workspace/gym-retro/CMakeFiles/CMakeTmp'
Makefile:126: recipe for target 'cmTC_8d86c/fast' failed
make: *** [cmTC_8d86c/fast] Error 2


Determining if the function getprogname exists failed with the following output:
Change Dir: /home/ho/workspace/gym-retro/CMakeFiles/CMakeTmp

Run Build Command:"/usr/bin/make" "cmTC_48a13/fast"
/usr/bin/make -f CMakeFiles/cmTC_48a13.dir/build.make CMakeFiles/cmTC_48a13.dir/build
make[1]: Entering directory '/home/ho/workspace/gym-retro/CMakeFiles/CMakeTmp'
Building C object CMakeFiles/cmTC_48a13.dir/CheckFunctionExists.c.o
/usr/bin/cc    -DCHECK_FUNCTION_EXISTS=getprogname -fPIE   -o CMakeFiles/cmTC_48a13.dir/CheckFunctionExists.c.o   -c /usr/share/cmake-3.5/Modules/CheckFunctionExists.c
Linking C executable cmTC_48a13
/usr/bin/cmake -E cmake_link_script CMakeFiles/cmTC_48a13.dir/link.txt --verbose=1
/usr/bin/cc   -DCHECK_FUNCTION_EXISTS=getprogname    CMakeFiles/cmTC_48a13.dir/CheckFunctionExists.c.o  -o cmTC_48a13 -rdynamic 
CMakeFiles/cmTC_48a13.dir/CheckFunctionExists.c.o: In function `main':
CheckFunctionExists.c:(.text+0x15): undefined reference to `getprogname'
collect2: error: ld returned 1 exit status
CMakeFiles/cmTC_48a13.dir/build.make:97: recipe for target 'cmTC_48a13' failed
make[1]: *** [cmTC_48a13] Error 1
make[1]: Leaving directory '/home/ho/workspace/gym-retro/CMakeFiles/CMakeTmp'
Makefile:126: recipe for target 'cmTC_48a13/fast' failed
make: *** [cmTC_48a13/fast] Error 2


Determining if the function setmode exists failed with the following output:
Change Dir: /home/ho/workspace/gym-retro/CMakeFiles/CMakeTmp

Run Build Command:"/usr/bin/make" "cmTC_db55e/fast"
/usr/bin/make -f CMakeFiles/cmTC_db55e.dir/build.make CMakeFiles/cmTC_db55e.dir/build
make[1]: Entering directory '/home/ho/workspace/gym-retro/CMakeFiles/CMakeTmp'
Building C object CMakeFiles/cmTC_db55e.dir/CheckFunctionExists.c.o
/usr/bin/cc    -DCHECK_FUNCTION_EXISTS=setmode -fPIE   -o CMakeFiles/cmTC_db55e.dir/CheckFunctionExists.c.o   -c /usr/share/cmake-3.5/Modules/CheckFunctionExists.c
Linking C executable cmTC_db55e
/usr/bin/cmake -E cmake_link_script CMakeFiles/cmTC_db55e.dir/link.txt --verbose=1
/usr/bin/cc   -DCHECK_FUNCTION_EXISTS=setmode    CMakeFiles/cmTC_db55e.dir/CheckFunctionExists.c.o  -o cmTC_db55e -rdynamic 
CMakeFiles/cmTC_db55e.dir/CheckFunctionExists.c.o: In function `main':
CheckFunctionExists.c:(.text+0x15): undefined reference to `setmode'
collect2: error: ld returned 1 exit status
CMakeFiles/cmTC_db55e.dir/build.make:97: recipe for target 'cmTC_db55e' failed
make[1]: *** [cmTC_db55e] Error 1
make[1]: Leaving directory '/home/ho/workspace/gym-retro/CMakeFiles/CMakeTmp'
Makefile:126: recipe for target 'cmTC_db55e/fast' failed
make: *** [cmTC_db55e/fast] Error 2


Determining if the function stricmp exists failed with the following output:
Change Dir: /home/ho/workspace/gym-retro/CMakeFiles/CMakeTmp

Run Build Command:"/usr/bin/make" "cmTC_8acce/fast"
/usr/bin/make -f CMakeFiles/cmTC_8acce.dir/build.make CMakeFiles/cmTC_8acce.dir/build
make[1]: Entering directory '/home/ho/workspace/gym-retro/CMakeFiles/CMakeTmp'
Building C object CMakeFiles/cmTC_8acce.dir/CheckFunctionExists.c.o
/usr/bin/cc    -DCHECK_FUNCTION_EXISTS=stricmp -fPIE   -o CMakeFiles/cmTC_8acce.dir/CheckFunctionExists.c.o   -c /usr/share/cmake-3.5/Modules/CheckFunctionExists.c
Linking C executable cmTC_8acce
/usr/bin/cmake -E cmake_link_script CMakeFiles/cmTC_8acce.dir/link.txt --verbose=1
/usr/bin/cc   -DCHECK_FUNCTION_EXISTS=stricmp    CMakeFiles/cmTC_8acce.dir/CheckFunctionExists.c.o  -o cmTC_8acce -rdynamic 
CMakeFiles/cmTC_8acce.dir/CheckFunctionExists.c.o: In function `main':
CheckFunctionExists.c:(.text+0x15): undefined reference to `stricmp'
collect2: error: ld returned 1 exit status
CMakeFiles/cmTC_8acce.dir/build.make:97: recipe for target 'cmTC_8acce' failed
make[1]: *** [cmTC_8acce] Error 1
make[1]: Leaving directory '/home/ho/workspace/gym-retro/CMakeFiles/CMakeTmp'
Makefile:126: recipe for target 'cmTC_8acce/fast' failed
make: *** [cmTC_8acce/fast] Error 2


Determining size of __int8 failed with the following output:
Change Dir: /home/ho/workspace/gym-retro/CMakeFiles/CMakeTmp

Run Build Command:"/usr/bin/make" "cmTC_cfcc4/fast"
/usr/bin/make -f CMakeFiles/cmTC_cfcc4.dir/build.make CMakeFiles/cmTC_cfcc4.dir/build
make[1]: Entering directory '/home/ho/workspace/gym-retro/CMakeFiles/CMakeTmp'
Building C object CMakeFiles/cmTC_cfcc4.dir/__INT8_LIBZIP.c.o
/usr/bin/cc    -fPIE   -o CMakeFiles/cmTC_cfcc4.dir/__INT8_LIBZIP.c.o   -c /home/ho/workspace/gym-retro/CMakeFiles/CheckTypeSize/__INT8_LIBZIP.c
/home/ho/workspace/gym-retro/CMakeFiles/CheckTypeSize/__INT8_LIBZIP.c:17:22: error: ‘__int8’ undeclared here (not in a function)
 #define SIZE (sizeof(__int8))
                      ^
/home/ho/workspace/gym-retro/CMakeFiles/CheckTypeSize/__INT8_LIBZIP.c:19:12: note: in expansion of macro ‘SIZE’
   ('0' + ((SIZE / 10000)%10)),
            ^
CMakeFiles/cmTC_cfcc4.dir/build.make:65: recipe for target 'CMakeFiles/cmTC_cfcc4.dir/__INT8_LIBZIP.c.o' failed
make[1]: *** [CMakeFiles/cmTC_cfcc4.dir/__INT8_LIBZIP.c.o] Error 1
make[1]: Leaving directory '/home/ho/workspace/gym-retro/CMakeFiles/CMakeTmp'
Makefile:126: recipe for target 'cmTC_cfcc4/fast' failed
make: *** [cmTC_cfcc4/fast] Error 2

/home/ho/workspace/gym-retro/CMakeFiles/CheckTypeSize/__INT8_LIBZIP.c:
#include <sys/types.h>
#include <stdint.h>
#include <stddef.h>


#undef KEY
#if defined(__i386)
# define KEY '_','_','i','3','8','6'
#elif defined(__x86_64)
# define KEY '_','_','x','8','6','_','6','4'
#elif defined(__ppc__)
# define KEY '_','_','p','p','c','_','_'
#elif defined(__ppc64__)
# define KEY '_','_','p','p','c','6','4','_','_'
#endif

#define SIZE (sizeof(__int8))
char info_size[] =  {'I', 'N', 'F', 'O', ':', 's','i','z','e','[',
  ('0' + ((SIZE / 10000)%10)),
  ('0' + ((SIZE / 1000)%10)),
  ('0' + ((SIZE / 100)%10)),
  ('0' + ((SIZE / 10)%10)),
  ('0' +  (SIZE    % 10)),
  ']',
#ifdef KEY
  ' ','k','e','y','[', KEY, ']',
#endif
  '\0'};

#ifdef __CLASSIC_C__
int main(argc, argv) int argc; char *argv[];
#else
int main(int argc, char *argv[])
#endif
{
  int require = 0;
  require += info_size[argc];
  (void)argv;
  return require;
}


Determining size of __int16 failed with the following output:
Change Dir: /home/ho/workspace/gym-retro/CMakeFiles/CMakeTmp

Run Build Command:"/usr/bin/make" "cmTC_22bf3/fast"
/usr/bin/make -f CMakeFiles/cmTC_22bf3.dir/build.make CMakeFiles/cmTC_22bf3.dir/build
make[1]: Entering directory '/home/ho/workspace/gym-retro/CMakeFiles/CMakeTmp'
Building C object CMakeFiles/cmTC_22bf3.dir/__INT16_LIBZIP.c.o
/usr/bin/cc    -fPIE   -o CMakeFiles/cmTC_22bf3.dir/__INT16_LIBZIP.c.o   -c /home/ho/workspace/gym-retro/CMakeFiles/CheckTypeSize/__INT16_LIBZIP.c
/home/ho/workspace/gym-retro/CMakeFiles/CheckTypeSize/__INT16_LIBZIP.c:17:22: error: ‘__int16’ undeclared here (not in a function)
 #define SIZE (sizeof(__int16))
                      ^
/home/ho/workspace/gym-retro/CMakeFiles/CheckTypeSize/__INT16_LIBZIP.c:19:12: note: in expansion of macro ‘SIZE’
   ('0' + ((SIZE / 10000)%10)),
            ^
CMakeFiles/cmTC_22bf3.dir/build.make:65: recipe for target 'CMakeFiles/cmTC_22bf3.dir/__INT16_LIBZIP.c.o' failed
make[1]: *** [CMakeFiles/cmTC_22bf3.dir/__INT16_LIBZIP.c.o] Error 1
make[1]: Leaving directory '/home/ho/workspace/gym-retro/CMakeFiles/CMakeTmp'
Makefile:126: recipe for target 'cmTC_22bf3/fast' failed
make: *** [cmTC_22bf3/fast] Error 2

/home/ho/workspace/gym-retro/CMakeFiles/CheckTypeSize/__INT16_LIBZIP.c:
#include <sys/types.h>
#include <stdint.h>
#include <stddef.h>


#undef KEY
#if defined(__i386)
# define KEY '_','_','i','3','8','6'
#elif defined(__x86_64)
# define KEY '_','_','x','8','6','_','6','4'
#elif defined(__ppc__)
# define KEY '_','_','p','p','c','_','_'
#elif defined(__ppc64__)
# define KEY '_','_','p','p','c','6','4','_','_'
#endif

#define SIZE (sizeof(__int16))
char info_size[] =  {'I', 'N', 'F', 'O', ':', 's','i','z','e','[',
  ('0' + ((SIZE / 10000)%10)),
  ('0' + ((SIZE / 1000)%10)),
  ('0' + ((SIZE / 100)%10)),
  ('0' + ((SIZE / 10)%10)),
  ('0' +  (SIZE    % 10)),
  ']',
#ifdef KEY
  ' ','k','e','y','[', KEY, ']',
#endif
  '\0'};

#ifdef __CLASSIC_C__
int main(argc, argv) int argc; char *argv[];
#else
int main(int argc, char *argv[])
#endif
{
  int require = 0;
  require += info_size[argc];
  (void)argv;
  return require;
}


Determining size of __int32 failed with the following output:
Change Dir: /home/ho/workspace/gym-retro/CMakeFiles/CMakeTmp

Run Build Command:"/usr/bin/make" "cmTC_f37af/fast"
/usr/bin/make -f CMakeFiles/cmTC_f37af.dir/build.make CMakeFiles/cmTC_f37af.dir/build
make[1]: Entering directory '/home/ho/workspace/gym-retro/CMakeFiles/CMakeTmp'
Building C object CMakeFiles/cmTC_f37af.dir/__INT32_LIBZIP.c.o
/usr/bin/cc    -fPIE   -o CMakeFiles/cmTC_f37af.dir/__INT32_LIBZIP.c.o   -c /home/ho/workspace/gym-retro/CMakeFiles/CheckTypeSize/__INT32_LIBZIP.c
/home/ho/workspace/gym-retro/CMakeFiles/CheckTypeSize/__INT32_LIBZIP.c:17:22: error: ‘__int32’ undeclared here (not in a function)
 #define SIZE (sizeof(__int32))
                      ^
/home/ho/workspace/gym-retro/CMakeFiles/CheckTypeSize/__INT32_LIBZIP.c:19:12: note: in expansion of macro ‘SIZE’
   ('0' + ((SIZE / 10000)%10)),
            ^
CMakeFiles/cmTC_f37af.dir/build.make:65: recipe for target 'CMakeFiles/cmTC_f37af.dir/__INT32_LIBZIP.c.o' failed
make[1]: *** [CMakeFiles/cmTC_f37af.dir/__INT32_LIBZIP.c.o] Error 1
make[1]: Leaving directory '/home/ho/workspace/gym-retro/CMakeFiles/CMakeTmp'
Makefile:126: recipe for target 'cmTC_f37af/fast' failed
make: *** [cmTC_f37af/fast] Error 2

/home/ho/workspace/gym-retro/CMakeFiles/CheckTypeSize/__INT32_LIBZIP.c:
#include <sys/types.h>
#include <stdint.h>
#include <stddef.h>


#undef KEY
#if defined(__i386)
# define KEY '_','_','i','3','8','6'
#elif defined(__x86_64)
# define KEY '_','_','x','8','6','_','6','4'
#elif defined(__ppc__)
# define KEY '_','_','p','p','c','_','_'
#elif defined(__ppc64__)
# define KEY '_','_','p','p','c','6','4','_','_'
#endif

#define SIZE (sizeof(__int32))
char info_size[] =  {'I', 'N', 'F', 'O', ':', 's','i','z','e','[',
  ('0' + ((SIZE / 10000)%10)),
  ('0' + ((SIZE / 1000)%10)),
  ('0' + ((SIZE / 100)%10)),
  ('0' + ((SIZE / 10)%10)),
  ('0' +  (SIZE    % 10)),
  ']',
#ifdef KEY
  ' ','k','e','y','[', KEY, ']',
#endif
  '\0'};

#ifdef __CLASSIC_C__
int main(argc, argv) int argc; char *argv[];
#else
int main(int argc, char *argv[])
#endif
{
  int require = 0;
  require += info_size[argc];
  (void)argv;
  return require;
}


Determining size of __int64 failed with the following output:
Change Dir: /home/ho/workspace/gym-retro/CMakeFiles/CMakeTmp

Run Build Command:"/usr/bin/make" "cmTC_da11d/fast"
/usr/bin/make -f CMakeFiles/cmTC_da11d.dir/build.make CMakeFiles/cmTC_da11d.dir/build
make[1]: Entering directory '/home/ho/workspace/gym-retro/CMakeFiles/CMakeTmp'
Building C object CMakeFiles/cmTC_da11d.dir/__INT64_LIBZIP.c.o
/usr/bin/cc    -fPIE   -o CMakeFiles/cmTC_da11d.dir/__INT64_LIBZIP.c.o   -c /home/ho/workspace/gym-retro/CMakeFiles/CheckTypeSize/__INT64_LIBZIP.c
/home/ho/workspace/gym-retro/CMakeFiles/CheckTypeSize/__INT64_LIBZIP.c:17:22: error: ‘__int64’ undeclared here (not in a function)
 #define SIZE (sizeof(__int64))
                      ^
/home/ho/workspace/gym-retro/CMakeFiles/CheckTypeSize/__INT64_LIBZIP.c:19:12: note: in expansion of macro ‘SIZE’
   ('0' + ((SIZE / 10000)%10)),
            ^
CMakeFiles/cmTC_da11d.dir/build.make:65: recipe for target 'CMakeFiles/cmTC_da11d.dir/__INT64_LIBZIP.c.o' failed
make[1]: *** [CMakeFiles/cmTC_da11d.dir/__INT64_LIBZIP.c.o] Error 1
make[1]: Leaving directory '/home/ho/workspace/gym-retro/CMakeFiles/CMakeTmp'
Makefile:126: recipe for target 'cmTC_da11d/fast' failed
make: *** [cmTC_da11d/fast] Error 2

/home/ho/workspace/gym-retro/CMakeFiles/CheckTypeSize/__INT64_LIBZIP.c:
#include <sys/types.h>
#include <stdint.h>
#include <stddef.h>


#undef KEY
#if defined(__i386)
# define KEY '_','_','i','3','8','6'
#elif defined(__x86_64)
# define KEY '_','_','x','8','6','_','6','4'
#elif defined(__ppc__)
# define KEY '_','_','p','p','c','_','_'
#elif defined(__ppc64__)
# define KEY '_','_','p','p','c','6','4','_','_'
#endif

#define SIZE (sizeof(__int64))
char info_size[] =  {'I', 'N', 'F', 'O', ':', 's','i','z','e','[',
  ('0' + ((SIZE / 10000)%10)),
  ('0' + ((SIZE / 1000)%10)),
  ('0' + ((SIZE / 100)%10)),
  ('0' + ((SIZE / 10)%10)),
  ('0' +  (SIZE    % 10)),
  ']',
#ifdef KEY
  ' ','k','e','y','[', KEY, ']',
#endif
  '\0'};

#ifdef __CLASSIC_C__
int main(argc, argv) int argc; char *argv[];
#else
int main(int argc, char *argv[])
#endif
{
  int require = 0;
  require += info_size[argc];
  (void)argv;
  return require;
}


Determining if the system is big endian passed with the following output:
Change Dir: /home/ho/workspace/gym-retro/CMakeFiles/CMakeTmp

Run Build Command:"/usr/bin/make" "cmTC_d4fe6/fast"
/usr/bin/make -f CMakeFiles/cmTC_d4fe6.dir/build.make CMakeFiles/cmTC_d4fe6.dir/build
make[1]: Entering directory '/home/ho/workspace/gym-retro/CMakeFiles/CMakeTmp'
Building C object CMakeFiles/cmTC_d4fe6.dir/TestEndianess.c.o
/usr/bin/cc    -fPIE   -o CMakeFiles/cmTC_d4fe6.dir/TestEndianess.c.o   -c /home/ho/workspace/gym-retro/CMakeFiles/CMakeTmp/TestEndianess.c
Linking C executable cmTC_d4fe6
/usr/bin/cmake -E cmake_link_script CMakeFiles/cmTC_d4fe6.dir/link.txt --verbose=1
/usr/bin/cc       CMakeFiles/cmTC_d4fe6.dir/TestEndianess.c.o  -o cmTC_d4fe6 -rdynamic 
make[1]: Leaving directory '/home/ho/workspace/gym-retro/CMakeFiles/CMakeTmp'

TestEndianess.c:
/* A 16 bit integer is required. */
typedef unsigned short cmakeint16;

/* On a little endian machine, these 16bit ints will give "THIS IS LITTLE ENDIAN."
   On a big endian machine the characters will be exchanged pairwise. */
const cmakeint16 info_little[] =  {0x4854, 0x5349, 0x4920, 0x2053, 0x494c, 0x5454, 0x454c, 0x4520, 0x444e, 0x4149, 0x2e4e, 0x0000};

/* on a big endian machine, these 16bit ints will give "THIS IS BIG ENDIAN."
   On a little endian machine the characters will be exchanged pairwise. */
const cmakeint16 info_big[] =     {0x5448, 0x4953, 0x2049, 0x5320, 0x4249, 0x4720, 0x454e, 0x4449, 0x414e, 0x2e2e, 0x0000};

#ifdef __CLASSIC_C__
int main(argc, argv) int argc; char *argv[];
#else
int main(int argc, char *argv[])
#endif
{
  int require = 0;
  require += info_little[argc];
  require += info_big[argc];
  (void)argv;
  return require;
}


Determining if the pthread_create exist failed with the following output:
Change Dir: /home/ho/workspace/gym-retro/CMakeFiles/CMakeTmp

Run Build Command:"/usr/bin/make" "cmTC_44643/fast"
/usr/bin/make -f CMakeFiles/cmTC_44643.dir/build.make CMakeFiles/cmTC_44643.dir/build
make[1]: Entering directory '/home/ho/workspace/gym-retro/CMakeFiles/CMakeTmp'
Building C object CMakeFiles/cmTC_44643.dir/CheckSymbolExists.c.o
/usr/bin/cc    -fPIE   -o CMakeFiles/cmTC_44643.dir/CheckSymbolExists.c.o   -c /home/ho/workspace/gym-retro/CMakeFiles/CMakeTmp/CheckSymbolExists.c
Linking C executable cmTC_44643
/usr/bin/cmake -E cmake_link_script CMakeFiles/cmTC_44643.dir/link.txt --verbose=1
/usr/bin/cc       CMakeFiles/cmTC_44643.dir/CheckSymbolExists.c.o  -o cmTC_44643 -rdynamic 
CMakeFiles/cmTC_44643.dir/CheckSymbolExists.c.o: In function `main':
CheckSymbolExists.c:(.text+0x1b): undefined reference to `pthread_create'
collect2: error: ld returned 1 exit status
CMakeFiles/cmTC_44643.dir/build.make:97: recipe for target 'cmTC_44643' failed
make[1]: *** [cmTC_44643] Error 1
make[1]: Leaving directory '/home/ho/workspace/gym-retro/CMakeFiles/CMakeTmp'
Makefile:126: recipe for target 'cmTC_44643/fast' failed
make: *** [cmTC_44643/fast] Error 2

File /home/ho/workspace/gym-retro/CMakeFiles/CMakeTmp/CheckSymbolExists.c:
/* */
#include <pthread.h>

int main(int argc, char** argv)
{
  (void)argv;
#ifndef pthread_create
  return ((int*)(&pthread_create))[argc];
#else
  (void)argc;
  return 0;
#endif
}

